Watching /vagrant/storybook_project/learnstorybook-design-system and all sub-directories not excluded by your .gitignore. Will not monitor dotfiles.
Found & ignored ./node_modules ; is listed in .gitignore
Found & ignored ./src/stories/button.css ; has ignored extension
Found & ignored ./src/stories/header.css ; has ignored extension
Found & ignored ./src/stories/page.css ; has ignored extension
Found & ignored ./storybook-static/static/css/main.cc6f50a5.chunk.css ; has ignored extension

Starting: build-storybook -- --output-dir /tmp/chromatic--4669-Z4IMKPGh9u1C
./build-storybook.log changed

Starting: build-storybook -- --output-dir /tmp/chromatic--4669-Z4IMKPGh9u1C
node:internal/modules/cjs/loader:928
  throw err;
  ^

Error: Cannot find module '/vagrant/storybook_project/learnstorybook-design-system/build-storybook'
    at Function.Module._resolveFilename (node:internal/modules/cjs/loader:925:15)
    at Function.Module._load (node:internal/modules/cjs/loader:769:27)
    at Function.executeUserEntryPoint [as runMain] (node:internal/modules/run_main:76:12)
    at node:internal/main/run_main_module:17:47 {
  code: 'MODULE_NOT_FOUND',
  requireStack: []
}
./package.json changed

Starting: build-storybook -- --output-dir /tmp/chromatic--4669-Z4IMKPGh9u1C
./build-storybook.log changed

Starting: build-storybook -- --output-dir /tmp/chromatic--4669-Z4IMKPGh9u1C
node:internal/modules/cjs/loader:928
  throw err;
  ^

Error: Cannot find module '/vagrant/storybook_project/learnstorybook-design-system/build-storybook'
    at Function.Module._resolveFilename (node:internal/modules/cjs/loader:925:15)
    at Function.Module._load (node:internal/modules/cjs/loader:769:27)
    at Function.executeUserEntryPoint [as runMain] (node:internal/modules/run_main:76:12)
    at node:internal/main/run_main_module:17:47 {
  code: 'MODULE_NOT_FOUND',
  requireStack: []
}
./build-storybook.log changed

Starting: build-storybook -- --output-dir /tmp/chromatic--4669-Z4IMKPGh9u1C
./src/.DS_Store changed

Starting: build-storybook -- --output-dir /tmp/chromatic--4669-Z4IMKPGh9u1C
./build-storybook.log changed

Starting: build-storybook -- --output-dir /tmp/chromatic--4669-Z4IMKPGh9u1C
node:internal/modules/cjs/loader:928
  throw err;
  ^

Error: Cannot find module '/vagrant/storybook_project/learnstorybook-design-system/build-storybook'
    at Function.Module._resolveFilename (node:internal/modules/cjs/loader:925:15)
    at Function.Module._load (node:internal/modules/cjs/loader:769:27)
    at Function.executeUserEntryPoint [as runMain] (node:internal/modules/run_main:76:12)
    at node:internal/main/run_main_module:17:47 {
  code: 'MODULE_NOT_FOUND',
  requireStack: []
}
./storybook-static/vendors~main.bcd3a91d7360b6526e33.bundle.js.map changed

Starting: build-storybook -- --output-dir /tmp/chromatic--4669-Z4IMKPGh9u1C
./storybook-static/vendors~main.bcd3a91d7360b6526e33.bundle.js.LICENSE.txt changed

Starting: build-storybook -- --output-dir /tmp/chromatic--4669-Z4IMKPGh9u1C
./build-storybook.log changed

Starting: build-storybook -- --output-dir /tmp/chromatic--4669-Z4IMKPGh9u1C
./storybook-static/vendors~main.4abf29e4f956d5befb41.bundle.js.LICENSE.txt changed

Starting: build-storybook -- --output-dir /tmp/chromatic--4669-Z4IMKPGh9u1C
./storybook-static/static/css/main.cc6f50a5.chunk.css.map changed

Starting: build-storybook -- --output-dir /tmp/chromatic--4669-Z4IMKPGh9u1C
./storybook-static/vendors~main.4abf29e4f956d5befb41.bundle.js changed

Starting: build-storybook -- --output-dir /tmp/chromatic--4669-Z4IMKPGh9u1C
./storybook-static/vendors~main.bcd3a91d7360b6526e33.bundle.js changed

Starting: build-storybook -- --output-dir /tmp/chromatic--4669-Z4IMKPGh9u1C
./storybook-static/static/media/comments.3f9a1398.svg changed

Starting: build-storybook -- --output-dir /tmp/chromatic--4669-Z4IMKPGh9u1C
./storybook-static/static/media/stackalt.66f4b748.svg changed

Starting: build-storybook -- --output-dir /tmp/chromatic--4669-Z4IMKPGh9u1C
./storybook-static/runtime~main.bcd3a91d7360b6526e33.bundle.js.map changed

Starting: build-storybook -- --output-dir /tmp/chromatic--4669-Z4IMKPGh9u1C
./storybook-static/static/media/repo.3452b916.svg changed

Starting: build-storybook -- --output-dir /tmp/chromatic--4669-Z4IMKPGh9u1C
./storybook-static/manifest.json changed

Starting: build-storybook -- --output-dir /tmp/chromatic--4669-Z4IMKPGh9u1C
./storybook-static/static/media/plugin.5ba97e9b.svg changed

Starting: build-storybook -- --output-dir /tmp/chromatic--4669-Z4IMKPGh9u1C
./storybook-static/runtime~main.bcd3a91d7360b6526e33.bundle.js changed

Starting: build-storybook -- --output-dir /tmp/chromatic--4669-Z4IMKPGh9u1C
./storybook-static/static/media/code-brackets.d43eb968.svg changed

Starting: build-storybook -- --output-dir /tmp/chromatic--4669-Z4IMKPGh9u1C
./storybook-static/precache-manifest.19a90fd34fb90bdab2a43c1362199161.js changed

Starting: build-storybook -- --output-dir /tmp/chromatic--4669-Z4IMKPGh9u1C
./storybook-static/static/media/colors.8104e6f5.svg changed

Starting: build-storybook -- --output-dir /tmp/chromatic--4669-Z4IMKPGh9u1C
./storybook-static/static/media/flow.e3812c4f.svg changed

Starting: build-storybook -- --output-dir /tmp/chromatic--4669-Z4IMKPGh9u1C
(node:4736) MaxListenersExceededWarning: Possible EventEmitter memory leak detected. 11 data listeners added to [Socket]. Use emitter.setMaxListeners() to increase limit
(Use `node --trace-warnings ...` to show where the warning was created)
./storybook-static/static/media/direction.d3dc567b.svg changed

Starting: build-storybook -- --output-dir /tmp/chromatic--4669-Z4IMKPGh9u1C
./storybook-static/logo512.png changed

Starting: build-storybook -- --output-dir /tmp/chromatic--4669-Z4IMKPGh9u1C
./storybook-static/runtime~main.6a9b04192e3176eff72a.bundle.js changed

Starting: build-storybook -- --output-dir /tmp/chromatic--4669-Z4IMKPGh9u1C
./storybook-static/main.bcd3a91d7360b6526e33.bundle.js.map changed

Starting: build-storybook -- --output-dir /tmp/chromatic--4669-Z4IMKPGh9u1C
./storybook-static/robots.txt changed

Starting: build-storybook -- --output-dir /tmp/chromatic--4669-Z4IMKPGh9u1C
./storybook-static/favicon.ico changed

Starting: build-storybook -- --output-dir /tmp/chromatic--4669-Z4IMKPGh9u1C
./storybook-static/service-worker.js changed

Starting: build-storybook -- --output-dir /tmp/chromatic--4669-Z4IMKPGh9u1C
./storybook-static/logo192.png changed

Starting: build-storybook -- --output-dir /tmp/chromatic--4669-Z4IMKPGh9u1C
./storybook-static/index.html changed

Starting: build-storybook -- --output-dir /tmp/chromatic--4669-Z4IMKPGh9u1C
./storybook-static/main.eaa95b75f9f4ebb6bc45.bundle.js changed

Starting: build-storybook -- --output-dir /tmp/chromatic--4669-Z4IMKPGh9u1C
./storybook-static/main.bcd3a91d7360b6526e33.bundle.js changed

Starting: build-storybook -- --output-dir /tmp/chromatic--4669-Z4IMKPGh9u1C
./build-storybook.log changed

Starting: build-storybook -- --output-dir /tmp/chromatic--4669-Z4IMKPGh9u1C
./storybook-static/manifest.json changed

Starting: build-storybook -- --output-dir /tmp/chromatic--4669-Z4IMKPGh9u1C
./storybook-static/asset-manifest.json changed

Starting: build-storybook -- --output-dir /tmp/chromatic--4669-Z4IMKPGh9u1C
./storybook-static/iframe.html changed

Starting: build-storybook -- --output-dir /tmp/chromatic--4669-Z4IMKPGh9u1C
./storybook-static/logo512.png changed

Starting: build-storybook -- --output-dir /tmp/chromatic--4669-Z4IMKPGh9u1C
./storybook-static/robots.txt changed

Starting: build-storybook -- --output-dir /tmp/chromatic--4669-Z4IMKPGh9u1C
./storybook-static/logo192.png changed

Starting: build-storybook -- --output-dir /tmp/chromatic--4669-Z4IMKPGh9u1C
./storybook-static/favicon.ico changed

Starting: build-storybook -- --output-dir /tmp/chromatic--4669-Z4IMKPGh9u1C
./storybook-static/main.eaa95b75f9f4ebb6bc45.bundle.js changed

Starting: build-storybook -- --output-dir /tmp/chromatic--4669-Z4IMKPGh9u1C
./storybook-static/vendors~main.4abf29e4f956d5befb41.bundle.js changed

Starting: build-storybook -- --output-dir /tmp/chromatic--4669-Z4IMKPGh9u1C
./storybook-static/main.eaa95b75f9f4ebb6bc45.bundle.js changed

Starting: build-storybook -- --output-dir /tmp/chromatic--4669-Z4IMKPGh9u1C
./storybook-static/vendors~main.4abf29e4f956d5befb41.bundle.js changed

Starting: build-storybook -- --output-dir /tmp/chromatic--4669-Z4IMKPGh9u1C
./build-storybook.log changed

Starting: build-storybook -- --output-dir /tmp/chromatic--4669-Z4IMKPGh9u1C
node:internal/modules/cjs/loader:928
  throw err;
  ^

Error: Cannot find module '/vagrant/storybook_project/learnstorybook-design-system/build-storybook'
    at Function.Module._resolveFilename (node:internal/modules/cjs/loader:925:15)
    at Function.Module._load (node:internal/modules/cjs/loader:769:27)
    at Function.executeUserEntryPoint [as runMain] (node:internal/modules/run_main:76:12)
    at node:internal/main/run_main_module:17:47 {
  code: 'MODULE_NOT_FOUND',
  requireStack: []
}
./storybook-static/runtime~main.bcd3a91d7360b6526e33.bundle.js changed

Starting: build-storybook -- --output-dir /tmp/chromatic--4669-Z4IMKPGh9u1C
./storybook-static/main.bcd3a91d7360b6526e33.bundle.js changed

Starting: build-storybook -- --output-dir /tmp/chromatic--4669-Z4IMKPGh9u1C
./build-storybook.log changed

Starting: build-storybook -- --output-dir /tmp/chromatic--4669-Z4IMKPGh9u1C
./storybook-static/main.bcd3a91d7360b6526e33.bundle.js.map changed

Starting: build-storybook -- --output-dir /tmp/chromatic--4669-Z4IMKPGh9u1C
./storybook-static/iframe.html changed

Starting: build-storybook -- --output-dir /tmp/chromatic--4669-Z4IMKPGh9u1C
./storybook-static/precache-manifest.19a90fd34fb90bdab2a43c1362199161.js changed

Starting: build-storybook -- --output-dir /tmp/chromatic--4669-Z4IMKPGh9u1C
./storybook-static/static/media/flow.e3812c4f.svg changed

Starting: build-storybook -- --output-dir /tmp/chromatic--4669-Z4IMKPGh9u1C
./storybook-static/vendors~main.bcd3a91d7360b6526e33.bundle.js.map changed

Starting: build-storybook -- --output-dir /tmp/chromatic--4669-Z4IMKPGh9u1C
./storybook-static/static/media/code-brackets.d43eb968.svg changed

Starting: build-storybook -- --output-dir /tmp/chromatic--4669-Z4IMKPGh9u1C
./storybook-static/static/media/stackalt.66f4b748.svg changed

Starting: build-storybook -- --output-dir /tmp/chromatic--4669-Z4IMKPGh9u1C
./storybook-static/static/media/comments.3f9a1398.svg changed

Starting: build-storybook -- --output-dir /tmp/chromatic--4669-Z4IMKPGh9u1C
./storybook-static/vendors~main.bcd3a91d7360b6526e33.bundle.js.LICENSE.txt changed

Starting: build-storybook -- --output-dir /tmp/chromatic--4669-Z4IMKPGh9u1C
./storybook-static/vendors~main.bcd3a91d7360b6526e33.bundle.js changed

Starting: build-storybook -- --output-dir /tmp/chromatic--4669-Z4IMKPGh9u1C
./storybook-static/static/media/plugin.5ba97e9b.svg changed

Starting: build-storybook -- --output-dir /tmp/chromatic--4669-Z4IMKPGh9u1C
./storybook-static/service-worker.js changed

Starting: build-storybook -- --output-dir /tmp/chromatic--4669-Z4IMKPGh9u1C
(node:4736) MaxListenersExceededWarning: Possible EventEmitter memory leak detected. 11 data listeners added to [Socket]. Use emitter.setMaxListeners() to increase limit
./storybook-static/asset-manifest.json changed

Starting: build-storybook -- --output-dir /tmp/chromatic--4669-Z4IMKPGh9u1C
./storybook-static/runtime~main.bcd3a91d7360b6526e33.bundle.js.map changed

Starting: build-storybook -- --output-dir /tmp/chromatic--4669-Z4IMKPGh9u1C
./storybook-static/static/media/repo.3452b916.svg changed

Starting: build-storybook -- --output-dir /tmp/chromatic--4669-Z4IMKPGh9u1C
./storybook-static/static/media/colors.8104e6f5.svg changed

Starting: build-storybook -- --output-dir /tmp/chromatic--4669-Z4IMKPGh9u1C
./storybook-static/static/media/direction.d3dc567b.svg changed

Starting: build-storybook -- --output-dir /tmp/chromatic--4669-Z4IMKPGh9u1C
./storybook-static/static/css/main.cc6f50a5.chunk.css.map changed

Starting: build-storybook -- --output-dir /tmp/chromatic--4669-Z4IMKPGh9u1C
./storybook-static/vendors~main.bcd3a91d7360b6526e33.bundle.js changed

Starting: build-storybook -- --output-dir /tmp/chromatic--4669-Z4IMKPGh9u1C
./build-storybook.log changed

Starting: build-storybook -- --output-dir /tmp/chromatic--4669-Z4IMKPGh9u1C
node:internal/modules/cjs/loader:928
  throw err;
  ^

Error: Cannot find module '/vagrant/storybook_project/learnstorybook-design-system/build-storybook'
    at Function.Module._resolveFilename (node:internal/modules/cjs/loader:925:15)
    at Function.Module._load (node:internal/modules/cjs/loader:769:27)
    at Function.executeUserEntryPoint [as runMain] (node:internal/modules/run_main:76:12)
    at node:internal/main/run_main_module:17:47 {
  code: 'MODULE_NOT_FOUND',
  requireStack: []
}
./yarn.lock changed

Starting: build-storybook -- --output-dir /tmp/chromatic--4669-Z4IMKPGh9u1C
./build-storybook.log changed

Starting: build-storybook -- --output-dir /tmp/chromatic--4669-Z4IMKPGh9u1C
./package.json changed

Starting: build-storybook -- --output-dir /tmp/chromatic--4669-Z4IMKPGh9u1C
./build-storybook.log changed

Starting: build-storybook -- --output-dir /tmp/chromatic--4669-Z4IMKPGh9u1C
node:internal/modules/cjs/loader:928
  throw err;
  ^

Error: Cannot find module '/vagrant/storybook_project/learnstorybook-design-system/build-storybook'
    at Function.Module._resolveFilename (node:internal/modules/cjs/loader:925:15)
    at Function.Module._load (node:internal/modules/cjs/loader:769:27)
    at Function.executeUserEntryPoint [as runMain] (node:internal/modules/run_main:76:12)
    at node:internal/main/run_main_module:17:47 {
  code: 'MODULE_NOT_FOUND',
  requireStack: []
}
ok -- --output-dir /tmp/chromatic--4472-2zhNB7j4szHv
./storybook-static/vendors~main.4abf29e4f956d5befb41.bundle.js changed

Starting: build-storybook -- --output-dir /tmp/chromatic--4472-2zhNB7j4szHv
./storybook-static/favicon.ico changed

Starting: build-storybook -- --output-dir /tmp/chromatic--4472-2zhNB7j4szHv
./storybook-static/main.eaa95b75f9f4ebb6bc45.bundle.js changed

Starting: build-storybook -- --output-dir /tmp/chromatic--4472-2zhNB7j4szHv
node:internal/modules/cjs/loader:928
  throw err;
  ^

Error: Cannot find module '/vagrant/storybook_project/learnstorybook-design-system/build-storybook'
    at Function.Module._resolveFilename (node:internal/modules/cjs/loader:925:15)
    at Function.Module._load (node:internal/modules/cjs/loader:769:27)
    at Function.executeUserEntryPoint [as runMain] (node:internal/modules/run_main:76:12)
    at node:internal/main/run_main_module:17:47 {
  code: 'MODULE_NOT_FOUND',
  requireStack: []
}
./storybook-static/vendors~main.4abf29e4f956d5befb41.bundle.js changed

Starting: build-storybook -- --output-dir /tmp/chromatic--4472-2zhNB7j4szHv
node:internal/modules/cjs/loader:928
  throw err;
  ^

Error: Cannot find module '/vagrant/storybook_project/learnstorybook-design-system/build-storybook'
    at Function.Module._resolveFilename (node:internal/modules/cjs/loader:925:15)
    at Function.Module._load (node:internal/modules/cjs/loader:769:27)
    at Function.executeUserEntryPoint [as runMain] (node:internal/modules/run_main:76:12)
    at node:internal/main/run_main_module:17:47 {
  code: 'MODULE_NOT_FOUND',
  requireStack: []
}
./build-storybook.log changed

Starting: build-storybook -- --output-dir /tmp/chromatic--4472-2zhNB7j4szHv
node:internal/modules/cjs/loader:928
  throw err;
  ^

Error: Cannot find module '/vagrant/storybook_project/learnstorybook-design-system/build-storybook'
    at Function.Module._resolveFilename (node:internal/modules/cjs/loader:925:15)
    at Function.Module._load (node:internal/modules/cjs/loader:769:27)
    at Function.executeUserEntryPoint [as runMain] (node:internal/modules/run_main:76:12)
    at node:internal/main/run_main_module:17:47 {
  code: 'MODULE_NOT_FOUND',
  requireStack: []
}
./storybook-static/runtime~main.bcd3a91d7360b6526e33.bundle.js changed

Starting: build-storybook -- --output-dir /tmp/chromatic--4472-2zhNB7j4szHv
./build-storybook.log changed

Starting: build-storybook -- --output-dir /tmp/chromatic--4472-2zhNB7j4szHv
./storybook-static/main.bcd3a91d7360b6526e33.bundle.js changed

Starting: build-storybook -- --output-dir /tmp/chromatic--4472-2zhNB7j4szHv
./storybook-static/vendors~main.bcd3a91d7360b6526e33.bundle.js.map changed

Starting: build-storybook -- --output-dir /tmp/chromatic--4472-2zhNB7j4szHv
./storybook-static/precache-manifest.19a90fd34fb90bdab2a43c1362199161.js changed

Starting: build-storybook -- --output-dir /tmp/chromatic--4472-2zhNB7j4szHv
./storybook-static/iframe.html changed

Starting: build-storybook -- --output-dir /tmp/chromatic--4472-2zhNB7j4szHv
./storybook-static/vendors~main.bcd3a91d7360b6526e33.bundle.js changed

Starting: build-storybook -- --output-dir /tmp/chromatic--4472-2zhNB7j4szHv
./storybook-static/vendors~main.bcd3a91d7360b6526e33.bundle.js.LICENSE.txt changed

Starting: build-storybook -- --output-dir /tmp/chromatic--4472-2zhNB7j4szHv
./storybook-static/main.bcd3a91d7360b6526e33.bundle.js.map changed

Starting: build-storybook -- --output-dir /tmp/chromatic--4472-2zhNB7j4szHv
./storybook-static/static/media/code-brackets.d43eb968.svg changed

Starting: build-storybook -- --output-dir /tmp/chromatic--4472-2zhNB7j4szHv
./storybook-static/static/media/stackalt.66f4b748.svg changed

Starting: build-storybook -- --output-dir /tmp/chromatic--4472-2zhNB7j4szHv
./storybook-static/runtime~main.bcd3a91d7360b6526e33.bundle.js.map changed

Starting: build-storybook -- --output-dir /tmp/chromatic--4472-2zhNB7j4szHv
./storybook-static/static/media/plugin.5ba97e9b.svg changed

Starting: build-storybook -- --output-dir /tmp/chromatic--4472-2zhNB7j4szHv
./storybook-static/static/media/flow.e3812c4f.svg changed

Starting: build-storybook -- --output-dir /tmp/chromatic--4472-2zhNB7j4szHv
(node:4518) MaxListenersExceededWarning: Possible EventEmitter memory leak detected. 11 data listeners added to [Socket]. Use emitter.setMaxListeners() to increase limit
./storybook-static/static/media/direction.d3dc567b.svg changed

Starting: build-storybook -- --output-dir /tmp/chromatic--4472-2zhNB7j4szHv
./storybook-static/static/media/colors.8104e6f5.svg changed

Starting: build-storybook -- --output-dir /tmp/chromatic--4472-2zhNB7j4szHv
./storybook-static/service-worker.js changed

Starting: build-storybook -- --output-dir /tmp/chromatic--4472-2zhNB7j4szHv
./storybook-static/asset-manifest.json changed

Starting: build-storybook -- --output-dir /tmp/chromatic--4472-2zhNB7j4szHv
./storybook-static/static/media/comments.3f9a1398.svg changed

Starting: build-storybook -- --output-dir /tmp/chromatic--4472-2zhNB7j4szHv
./storybook-static/static/css/main.cc6f50a5.chunk.css.map changed

Starting: build-storybook -- --output-dir /tmp/chromatic--4472-2zhNB7j4szHv
./storybook-static/static/media/repo.3452b916.svg changed

Starting: build-storybook -- --output-dir /tmp/chromatic--4472-2zhNB7j4szHv
./storybook-static/vendors~main.bcd3a91d7360b6526e33.bundle.js changed

Starting: build-storybook -- --output-dir /tmp/chromatic--4472-2zhNB7j4szHv
./build-storybook.log changed

Starting: build-storybook -- --output-dir /tmp/chromatic--4472-2zhNB7j4szHv
node:internal/modules/cjs/loader:928
  throw err;
  ^

Error: Cannot find module '/vagrant/storybook_project/learnstorybook-design-system/build-storybook'
    at Function.Module._resolveFilename (node:internal/modules/cjs/loader:925:15)
    at Function.Module._load (node:internal/modules/cjs/loader:769:27)
    at Function.executeUserEntryPoint [as runMain] (node:internal/modules/run_main:76:12)
    at node:internal/main/run_main_module:17:47 {
  code: 'MODULE_NOT_FOUND',
  requireStack: []
}
./build-storybook.log changed

Starting: build-storybook -- --output-dir /tmp/chromatic--4472-2zhNB7j4szHv
./yarn.lock changed

Starting: build-storybook -- --output-dir /tmp/chromatic--4472-2zhNB7j4szHv
node:internal/modules/cjs/loader:928
  throw err;
  ^

Error: Cannot find module '/vagrant/storybook_project/learnstorybook-design-system/build-storybook'
    at Function.Module._resolveFilename (node:internal/modules/cjs/loader:925:15)
    at Function.Module._load (node:internal/modules/cjs/loader:769:27)
    at Function.executeUserEntryPoint [as runMain] (node:internal/modules/run_main:76:12)
    at node:internal/main/run_main_module:17:47 {
  code: 'MODULE_NOT_FOUND',
  requireStack: []
}
./package.json changed

Starting: build-storybook -- --output-dir /tmp/chromatic--4472-2zhNB7j4szHv
./build-storybook.log changed

Starting: build-storybook -- --output-dir /tmp/chromatic--4472-2zhNB7j4szHv
node:internal/modules/cjs/loader:928
  throw err;
  ^

Error: Cannot find module '/vagrant/storybook_project/learnstorybook-design-system/build-storybook'
    at Function.Module._resolveFilename (node:internal/modules/cjs/loader:925:15)
    at Function.Module._load (node:internal/modules/cjs/loader:769:27)
    at Function.executeUserEntryPoint [as runMain] (node:internal/modules/run_main:76:12)
    at node:internal/main/run_main_module:17:47 {
  code: 'MODULE_NOT_FOUND',
  requireStack: []
}
ed

Starting: build-storybook -- --output-dir /tmp/chromatic--4148-jLJLjKylBJ1x
./build-storybook.log changed

Starting: build-storybook -- --output-dir /tmp/chromatic--4148-jLJLjKylBJ1x
node:internal/modules/cjs/loader:928
  throw err;
  ^

Error: Cannot find module '/vagrant/storybook_project/learnstorybook-design-system/build-storybook'
    at Function.Module._resolveFilename (node:internal/modules/cjs/loader:925:15)
    at Function.Module._load (node:internal/modules/cjs/loader:769:27)
    at Function.executeUserEntryPoint [as runMain] (node:internal/modules/run_main:76:12)
    at node:internal/main/run_main_module:17:47 {
  code: 'MODULE_NOT_FOUND',
  requireStack: []
}
./build-storybook.log changed

Starting: build-storybook -- --output-dir /tmp/chromatic--4148-jLJLjKylBJ1x
./src/.DS_Store changed

Starting: build-storybook -- --output-dir /tmp/chromatic--4148-jLJLjKylBJ1x
./build-storybook.log changed

Starting: build-storybook -- --output-dir /tmp/chromatic--4148-jLJLjKylBJ1x
node:internal/modules/cjs/loader:928
  throw err;
  ^

Error: Cannot find module '/vagrant/storybook_project/learnstorybook-design-system/build-storybook'
    at Function.Module._resolveFilename (node:internal/modules/cjs/loader:925:15)
    at Function.Module._load (node:internal/modules/cjs/loader:769:27)
    at Function.executeUserEntryPoint [as runMain] (node:internal/modules/run_main:76:12)
    at node:internal/main/run_main_module:17:47 {
  code: 'MODULE_NOT_FOUND',
  requireStack: []
}
./build-storybook.log changed

Starting: build-storybook -- --output-dir /tmp/chromatic--4148-jLJLjKylBJ1x
./storybook-static/vendors~main.4abf29e4f956d5befb41.bundle.js.LICENSE.txt changed

Starting: build-storybook -- --output-dir /tmp/chromatic--4148-jLJLjKylBJ1x
./storybook-static/static/media/repo.3452b916.svg changed

Starting: build-storybook -- --output-dir /tmp/chromatic--4148-jLJLjKylBJ1x
./storybook-static/static/media/code-brackets.d43eb968.svg changed

Starting: build-storybook -- --output-dir /tmp/chromatic--4148-jLJLjKylBJ1x
./storybook-static/static/media/stackalt.66f4b748.svg changed

Starting: build-storybook -- --output-dir /tmp/chromatic--4148-jLJLjKylBJ1x
./storybook-static/static/media/flow.e3812c4f.svg changed

Starting: build-storybook -- --output-dir /tmp/chromatic--4148-jLJLjKylBJ1x
./storybook-static/service-worker.js changed

Starting: build-storybook -- --output-dir /tmp/chromatic--4148-jLJLjKylBJ1x
./storybook-static/vendors~main.4abf29e4f956d5befb41.bundle.js changed

Starting: build-storybook -- --output-dir /tmp/chromatic--4148-jLJLjKylBJ1x
./storybook-static/runtime~main.6a9b04192e3176eff72a.bundle.js changed

Starting: build-storybook -- --output-dir /tmp/chromatic--4148-jLJLjKylBJ1x
./storybook-static/robots.txt changed

Starting: build-storybook -- --output-dir /tmp/chromatic--4148-jLJLjKylBJ1x
./storybook-static/static/media/comments.3f9a1398.svg changed

Starting: build-storybook -- --output-dir /tmp/chromatic--4148-jLJLjKylBJ1x
./storybook-static/index.html changed

Starting: build-storybook -- --output-dir /tmp/chromatic--4148-jLJLjKylBJ1x
./storybook-static/static/media/plugin.5ba97e9b.svg changed

Starting: build-storybook -- --output-dir /tmp/chromatic--4148-jLJLjKylBJ1x
./storybook-static/static/media/colors.8104e6f5.svg changed

Starting: build-storybook -- --output-dir /tmp/chromatic--4148-jLJLjKylBJ1x
./storybook-static/static/media/direction.d3dc567b.svg changed

Starting: build-storybook -- --output-dir /tmp/chromatic--4148-jLJLjKylBJ1x
./storybook-static/static/css/main.cc6f50a5.chunk.css.map changed

Starting: build-storybook -- --output-dir /tmp/chromatic--4148-jLJLjKylBJ1x
./storybook-static/asset-manifest.json changed

Starting: build-storybook -- --output-dir /tmp/chromatic--4148-jLJLjKylBJ1x
./storybook-static/manifest.json changed

Starting: build-storybook -- --output-dir /tmp/chromatic--4148-jLJLjKylBJ1x
./storybook-static/main.eaa95b75f9f4ebb6bc45.bundle.js changed

Starting: build-storybook -- --output-dir /tmp/chromatic--4148-jLJLjKylBJ1x
./storybook-static/favicon.ico changed

Starting: build-storybook -- --output-dir /tmp/chromatic--4148-jLJLjKylBJ1x
./storybook-static/logo512.png changed

Starting: build-storybook -- --output-dir /tmp/chromatic--4148-jLJLjKylBJ1x
(node:4187) MaxListenersExceededWarning: Possible EventEmitter memory leak detected. 11 data listeners added to [Socket]. Use emitter.setMaxListeners() to increase limit
./storybook-static/iframe.html changed

Starting: build-storybook -- --output-dir /tmp/chromatic--4148-jLJLjKylBJ1x
./build-storybook.log changed

Starting: build-storybook -- --output-dir /tmp/chromatic--4148-jLJLjKylBJ1x
./storybook-static/logo192.png changed

Starting: build-storybook -- --output-dir /tmp/chromatic--4148-jLJLjKylBJ1x
./storybook-static/manifest.json changed

Starting: build-storybook -- --output-dir /tmp/chromatic--4148-jLJLjKylBJ1x
./storybook-static/favicon.ico changed

Starting: build-storybook -- --output-dir /tmp/chromatic--4148-jLJLjKylBJ1x
./storybook-static/logo512.png changed

Starting: build-storybook -- --output-dir /tmp/chromatic--4148-jLJLjKylBJ1x
./storybook-static/logo192.png changed

Starting: build-storybook -- --output-dir /tmp/chromatic--4148-jLJLjKylBJ1x
./storybook-static/robots.txt changed

Starting: build-storybook -- --output-dir /tmp/chromatic--4148-jLJLjKylBJ1x
node:internal/modules/cjs/loader:928
  throw err;
  ^

Error: Cannot find module '/vagrant/storybook_project/learnstorybook-design-system/build-storybook'
    at Function.Module._resolveFilename (node:internal/modules/cjs/loader:925:15)
    at Function.Module._load (node:internal/modules/cjs/loader:769:27)
    at Function.executeUserEntryPoint [as runMain] (node:internal/modules/run_main:76:12)
    at node:internal/main/run_main_module:17:47 {
  code: 'MODULE_NOT_FOUND',
  requireStack: []
}
./storybook-static/main.eaa95b75f9f4ebb6bc45.bundle.js changed

Starting: build-storybook -- --output-dir /tmp/chromatic--4148-jLJLjKylBJ1x
./storybook-static/vendors~main.4abf29e4f956d5befb41.bundle.js.LICENSE.txt changed

Starting: build-storybook -- --output-dir /tmp/chromatic--4148-jLJLjKylBJ1x
./storybook-static/favicon.ico changed

Starting: build-storybook -- --output-dir /tmp/chromatic--4148-jLJLjKylBJ1x
./storybook-static/vendors~main.4abf29e4f956d5befb41.bundle.js changed

Starting: build-storybook -- --output-dir /tmp/chromatic--4148-jLJLjKylBJ1x
./storybook-static/vendors~main.4abf29e4f956d5befb41.bundle.js.LICENSE.txt changed

Starting: build-storybook -- --output-dir /tmp/chromatic--4148-jLJLjKylBJ1x
./storybook-static/main.eaa95b75f9f4ebb6bc45.bundle.js changed

Starting: build-storybook -- --output-dir /tmp/chromatic--4148-jLJLjKylBJ1x
./storybook-static/vendors~main.4abf29e4f956d5befb41.bundle.js changed

Starting: build-storybook -- --output-dir /tmp/chromatic--4148-jLJLjKylBJ1x
./build-storybook.log changed

Starting: build-storybook -- --output-dir /tmp/chromatic--4148-jLJLjKylBJ1x
node:internal/modules/cjs/loader:928
  throw err;
  ^

Error: Cannot find module '/vagrant/storybook_project/learnstorybook-design-system/build-storybook'
    at Function.Module._resolveFilename (node:internal/modules/cjs/loader:925:15)
    at Function.Module._load (node:internal/modules/cjs/loader:769:27)
    at Function.executeUserEntryPoint [as runMain] (node:internal/modules/run_main:76:12)
    at node:internal/main/run_main_module:17:47 {
  code: 'MODULE_NOT_FOUND',
  requireStack: []
}
./build-storybook.log changed

Starting: build-storybook -- --output-dir /tmp/chromatic--4148-jLJLjKylBJ1x
node:internal/modules/cjs/loader:928
  throw err;
  ^

Error: Cannot find module '/vagrant/storybook_project/learnstorybook-design-system/build-storybook'
    at Function.Module._resolveFilename (node:internal/modules/cjs/loader:925:15)
    at Function.Module._load (node:internal/modules/cjs/loader:769:27)
    at Function.executeUserEntryPoint [as runMain] (node:internal/modules/run_main:76:12)
    at node:internal/main/run_main_module:17:47 {
  code: 'MODULE_NOT_FOUND',
  requireStack: []
}
./storybook-static/static/media/plugin.5ba97e9b.svg changed

Starting: build-storybook -- --output-dir /tmp/chromatic--4148-jLJLjKylBJ1x
./storybook-static/static/media/code-brackets.d43eb968.svg changed

Starting: build-storybook -- --output-dir /tmp/chromatic--4148-jLJLjKylBJ1x
./storybook-static/iframe.html changed

Starting: build-storybook -- --output-dir /tmp/chromatic--4148-jLJLjKylBJ1x
./storybook-static/service-worker.js changed

Starting: build-storybook -- --output-dir /tmp/chromatic--4148-jLJLjKylBJ1x
./storybook-static/static/media/repo.3452b916.svg changed

Starting: build-storybook -- --output-dir /tmp/chromatic--4148-jLJLjKylBJ1x
./storybook-static/static/media/comments.3f9a1398.svg changed

Starting: build-storybook -- --output-dir /tmp/chromatic--4148-jLJLjKylBJ1x
./storybook-static/static/media/flow.e3812c4f.svg changed

Starting: build-storybook -- --output-dir /tmp/chromatic--4148-jLJLjKylBJ1x
./storybook-static/static/media/stackalt.66f4b748.svg changed

Starting: build-storybook -- --output-dir /tmp/chromatic--4148-jLJLjKylBJ1x
./storybook-static/static/css/main.cc6f50a5.chunk.css.map changed

Starting: build-storybook -- --output-dir /tmp/chromatic--4148-jLJLjKylBJ1x
./storybook-static/asset-manifest.json changed

Starting: build-storybook -- --output-dir /tmp/chromatic--4148-jLJLjKylBJ1x
./storybook-static/static/media/colors.8104e6f5.svg changed

Starting: build-storybook -- --output-dir /tmp/chromatic--4148-jLJLjKylBJ1x
./storybook-static/static/media/direction.d3dc567b.svg changed

Starting: build-storybook -- --output-dir /tmp/chromatic--4148-jLJLjKylBJ1x
(node:4187) MaxListenersExceededWarning: Possible EventEmitter memory leak detected. 11 data listeners added to [Socket]. Use emitter.setMaxListeners() to increase limit
./build-storybook.log changed

Starting: build-storybook -- --output-dir /tmp/chromatic--4148-jLJLjKylBJ1x
node:internal/modules/cjs/loader:928
  throw err;
  ^

Error: Cannot find module '/vagrant/storybook_project/learnstorybook-design-system/build-storybook'
    at Function.Module._resolveFilename (node:internal/modules/cjs/loader:925:15)
    at Function.Module._load (node:internal/modules/cjs/loader:769:27)
    at Function.executeUserEntryPoint [as runMain] (node:internal/modules/run_main:76:12)
    at node:internal/main/run_main_module:17:47 {
  code: 'MODULE_NOT_FOUND',
  requireStack: []
}
./yarn.lock changed

Starting: build-storybook -- --output-dir /tmp/chromatic--4148-jLJLjKylBJ1x
./build-storybook.log changed

Starting: build-storybook -- --output-dir /tmp/chromatic--4148-jLJLjKylBJ1x
./package.json changed

Starting: build-storybook -- --output-dir /tmp/chromatic--4148-jLJLjKylBJ1x
./build-storybook.log changed

Starting: build-storybook -- --output-dir /tmp/chromatic--4148-jLJLjKylBJ1x
node:internal/modules/cjs/loader:928
  throw err;
  ^

Error: Cannot find module '/vagrant/storybook_project/learnstorybook-design-system/build-storybook'
    at Function.Module._resolveFilename (node:internal/modules/cjs/loader:925:15)
    at Function.Module._load (node:internal/modules/cjs/loader:769:27)
    at Function.executeUserEntryPoint [as runMain] (node:internal/modules/run_main:76:12)
    at node:internal/main/run_main_module:17:47 {
  code: 'MODULE_NOT_FOUND',
  requireStack: []
}
